160
2 28 35 
2 93 97 
2 190 196 
2 197 252 
2 286 333 
2 369 420 
2 423 441 
2 12 33 
2 47 165 
2 300 326 
2 482 1 
2 14 21 
2 256 279 
2 299 306 
2 315 322 
2 330 421 
2 454 7 
2 17 86 
2 154 189 
2 212 334 
3 352 358 414 
3 492 11 64 
3 72 73 120 
3 141 156 158 
3 170 182 213 
3 266 301 319 
3 337 410 443 
3 462 484 495 
3 0 38 48 
3 52 108 111 
3 113 155 166 
3 210 221 234 
3 261 264 298 
3 310 329 350 
3 371 376 434 
3 448 451 452 
3 463 475 486 
3 5 15 19 
3 20 34 60 
3 61 147 175 
4 181 187 193 199 
4 208 219 231 236 
4 240 249 258 271 
4 273 277 288 292 
4 311 320 324 356 
4 360 367 385 387 
4 396 405 409 419 
4 430 433 439 445 
4 455 473 498 499 
4 3 6 8 10 
4 13 18 23 24 
4 31 55 65 71 
4 89 90 91 99 
4 105 117 121 123 
4 139 149 159 162 
2 163 177 
2 180 188 
2 192 201 
2 203 214 
2 218 225 
2 230 235 
2 242 263 
2 268 276 
2 278 283 
2 294 302 
2 328 336 
2 345 348 
2 351 353 
2 362 364 
2 375 384 
2 388 391 
2 392 394 
2 397 399 
2 400 403 
2 407 412 
3 422 424 427 
3 429 431 437 
3 438 442 444 
3 447 449 459 
3 467 472 474 
3 497 16 22 
3 25 26 27 
3 29 32 36 
3 40 41 44 
3 45 46 50 
3 54 56 59 
3 66 69 70 
3 76 78 79 
3 80 81 92 
3 95 100 101 
3 104 106 107 
3 109 112 114 
3 115 116 119 
3 124 128 129 
3 132 136 138 
4 144 148 151 152 
4 153 160 164 172 
4 174 185 186 195 
4 198 200 204 207 
4 217 226 233 237 
4 244 245 247 251 
4 254 259 267 269 
4 274 280 282 284 
4 285 289 295 304 
4 307 325 332 339 
4 341 347 359 361 
4 363 365 372 373 
4 377 378 379 390 
4 395 401 411 425 
4 432 446 450 453 
3 460 461 468 
3 490 494 2 
3 4 9 30 
3 37 39 42 
3 43 49 51 
3 53 57 58 
3 62 63 67 
3 68 74 75 
3 77 82 83 
3 84 85 87 
3 88 94 96 
3 98 102 103 
3 110 118 122 
3 125 126 127 
3 130 131 133 
3 134 135 137 
3 140 142 143 
3 145 146 150 
3 157 161 167 
3 168 169 171 
4 173 176 178 179 
4 183 184 191 194 
4 202 205 206 209 
4 211 215 216 220 
4 222 223 224 227 
4 228 229 232 238 
4 239 241 243 246 
4 248 250 253 255 
4 257 260 262 265 
4 270 272 275 281 
4 287 290 291 293 
4 296 297 303 305 
4 308 309 312 313 
4 314 316 317 318 
4 321 323 327 331 
4 335 338 340 342 
4 343 344 346 349 
4 354 355 357 366 
4 368 370 374 380 
4 381 382 383 386 
4 389 393 398 402 
4 404 406 408 413 
4 415 416 417 418 
4 426 428 435 436 
4 440 456 457 458 
4 464 465 466 469 
4 470 471 476 477 
4 478 479 480 481 
4 483 485 487 488 
4 489 491 493 496 
