1628
2 5357 5121 
2 8148 6404 
2 421 2589 
2 5913 5583 
2 6255 9906 
2 8785 3629 
2 6584 7710 
2 1737 3987 
2 7529 5231 
2 2094 4386 
2 5796 9487 
2 6735 8197 
2 1756 2584 
2 8754 998 
2 2395 6655 
2 2861 6312 
2 59 7923 
2 7569 7704 
2 5515 9612 
2 6632 7444 
2 8873 7262 
2 8452 2489 
2 7796 5905 
2 398 8407 
2 820 1729 
2 604 6459 
2 9004 1248 
2 7549 7064 
2 4848 5886 
2 8603 8733 
2 8189 8437 
2 9354 9529 
2 6839 9213 
2 1524 4449 
2 4318 4574 
2 5744 9483 
2 4100 6823 
2 3904 4233 
2 3626 7108 
2 8479 5416 
2 9620 1287 
2 2545 6476 
2 9383 4004 
2 3697 1396 
2 9131 5427 
2 4041 370 
2 973 2061 
2 847 3015 
2 2155 4644 
2 4863 9247 
2 7792 6668 
2 3135 4631 
2 2222 1492 
2 9618 2752 
2 5363 7168 
2 2687 2843 
2 5570 44 
2 453 2117 
2 8284 1561 
2 7100 461 
2 3505 8775 
2 9765 1423 
2 3295 4036 
2 2932 8287 
2 1385 6640 
2 8004 8854 
2 3273 5616 
2 8591 3715 
2 2345 2096 
2 5918 6639 
2 9813 674 
2 3420 1556 
2 5090 7936 
2 666 2331 
2 2935 4695 
2 5251 2598 
2 3825 6762 
2 1677 9959 
2 1081 1114 
2 4147 6756 
2 5001 5592 
2 8384 8689 
2 8119 1388 
2 6196 7525 
2 9818 864 
2 5989 683 
2 948 4106 
2 6613 3942 
2 5526 9888 
2 8911 8320 
2 4194 4473 
2 5083 5211 
2 9128 3149 
2 5052 7369 
2 8585 936 
2 2459 2819 
2 7515 8777 
2 132 2968 
2 4670 7819 
2 2246 3484 
2 7577 962 
2 876 7863 
2 8240 8814 
2 2723 7939 
2 7368 752 
2 8837 9256 
2 3457 8991 
2 110 8392 
2 3176 7208 
2 7290 7950 
2 371 2196 
2 2728 7101 
2 684 8636 
2 281 2212 
2 4808 8641 
2 9267 5791 
2 63 2499 
2 6240 5602 
2 9614 714 
2 2475 3656 
2 4090 7259 
2 1101 2064 
2 9019 4916 
2 5651 9894 
2 1013 3678 
2 7834 839 
2 1491 2548 
2 3024 3765 
2 5048 7945 
2 6170 7198 
2 4405 4961 
2 1004 1071 
2 1115 5945 
2 9965 4685 
2 7937 1233 
2 2124 3302 
2 4579 3272 
2 3795 8152 
2 9986 5042 
2 384 2141 
2 3647 6677 
2 7104 9295 
2 1734 2008 
2 2070 7927 
2 4702 5101 
2 6782 7135 
2 854 5773 
2 6495 1707 
2 2115 4430 
2 8058 336 
2 1164 1214 
2 2080 4957 
2 5046 7201 
2 7540 443 
2 2558 2922 
2 4788 4917 
2 5214 7409 
2 8639 1341 
2 7896 8063 
2 3499 5653 
2 7825 49 
2 976 6702 
2 7202 7961 
2 1146 1830 
2 4886 4964 
2 6381 9307 
2 3463 4509 
2 6176 7313 
2 9568 818 
2 82 4983 
2 3792 5295 
2 6107 8612 
2 3047 5772 
2 7595 7757 
2 3607 3940 
2 4135 4874 
2 5982 2727 
2 3096 2228 
2 2274 5713 
2 8338 9305 
2 2964 3896 
2 6252 636 
2 1353 3228 
2 3566 1210 
2 3309 4322 
2 7136 8485 
2 8608 887 
2 5310 7305 
2 1851 3293 
2 4240 6168 
2 7543 71 
2 4406 4925 
2 6550 7516 
2 8322 9433 
2 1988 1203 
2 6935 8745 
2 9129 7551 
2 9866 1671 
2 4940 1955 
2 5625 7145 
2 9795 7 
2 1812 4185 
2 9527 8116 
2 3437 4141 
2 5383 47 
2 4131 5219 
2 7579 594 
2 1322 1450 
2 2456 3114 
2 7326 8465 
2 8851 9552 
2 4167 2259 
2 4235 4637 
2 7359 9 
2 3042 3142 
2 766 1094 
2 1713 7231 
2 1742 4655 
2 5006 5652 
2 1934 3686 
2 7583 9539 
2 9690 532 
2 2686 5873 
2 2962 4074 
2 4561 5494 
2 7715 9525 
2 3844 4657 
2 8803 9263 
2 727 2481 
2 3072 8553 
2 723 1050 
2 1895 4847 
2 7083 4112 
2 4475 6129 
2 6957 2759 
2 3357 4102 
2 7447 8250 
2 8387 9235 
2 9532 9917 
2 62 2982 
2 4374 7088 
2 2293 2736 
2 7196 8736 
2 1946 3519 
2 8332 954 
2 3196 213 
2 7032 7308 
2 7648 8375 
2 859 4320 
2 8010 9196 
2 9946 1591 
2 2045 5163 
3 6547 9063 1418 
3 1724 2726 4076 
3 5777 6882 2060 
3 2342 3337 4619 
3 5904 6611 7725 
3 8193 8767 850 
3 1568 2652 3689 
3 6178 9106 992 
3 2340 4402 5172 
3 9119 2544 3155 
3 8644 1433 4490 
3 4638 4912 4995 
3 9966 1621 2642 
3 3170 3672 6558 
3 9747 586 2085 
3 2749 3648 3775 
3 120 201 3757 
3 5729 8626 9344 
3 9576 3542 3781 
3 5686 6038 6534 
3 6913 7451 7494 
3 7851 8601 2828 
3 3257 4139 7643 
3 6571 8478 774 
3 4550 5931 6567 
3 7148 8138 8397 
3 2628 3889 5156 
3 7464 7545 7814 
3 403 1763 2323 
3 3593 8186 9542 
3 328 676 2862 
3 2870 4150 4244 
3 6134 9302 2795 
3 3112 3376 3475 
3 4058 6537 7862 
3 18 2300 2308 
3 8997 9151 9275 
3 9713 58 4959 
3 6467 6927 7079 
3 8187 8865 9559 
3 1383 2036 2213 
3 2814 4390 5081 
3 4044 5366 7316 
3 8233 8242 8267 
3 9900 3451 3708 
3 3840 3869 8115 
3 4480 8259 1711 
3 5609 6147 6171 
3 7166 7445 7703 
3 8506 9528 446 
3 778 2123 3842 
3 5845 7673 8616 
3 8849 1160 2305 
3 8079 9243 9320 
3 9873 11 1049 
3 1839 1936 2160 
3 2267 3526 3583 
3 5540 8094 245 
3 654 1136 2243 
3 2313 3126 4837 
3 5096 8101 8430 
3 333 1552 2023 
3 6050 6123 6359 
3 8167 9605 1509 
3 3913 5359 7267 
3 7944 9514 2985 
3 3950 4284 5136 
3 5324 7726 8509 
3 9921 687 2944 
3 4551 5854 7385 
3 7953 8036 8286 
3 9374 373 2282 
3 2920 4902 6300 
3 6580 6777 7008 
3 706 1767 2535 
3 3106 3745 4498 
3 5209 6842 7522 
3 8367 9784 1231 
3 1845 3618 3632 
3 3899 6481 7466 
3 9289 65 1427 
3 2674 2817 3253 
3 7922 9340 2203 
3 5665 6060 8348 
3 9856 177 2718 
3 4690 5600 6985 
3 6989 7026 8701 
3 9283 9722 463 
3 7700 9732 9942 
3 593 2994 3002 
3 5622 7756 8026 
3 1359 3083 4151 
3 4965 5919 7920 
3 8346 8563 9111 
3 780 1096 1996 
3 2572 2941 4516 
3 6582 6638 7050 
3 8047 8697 8721 
3 9691 1357 1817 
3 3229 6313 7212 
3 8834 9649 2619 
3 6329 8253 9252 
3 745 1085 2364 
3 9778 522 1336 
3 1372 2571 3485 
3 4137 4951 5962 
3 7209 9366 103 
3 717 2009 2802 
3 3356 4582 6316 
3 6363 8839 9443 
3 9779 251 565 
3 709 1861 2112 
3 4351 4352 6477 
3 6602 8477 9751 
3 67 2647 3368 
3 6426 2351 5891 
3 5909 8811 2905 
3 3443 6994 7119 
3 8199 9123 9154 
3 9365 6 257 
3 645 1340 3089 
3 4259 5793 7629 
3 9124 171 214 
3 1976 2536 5492 
3 7671 7981 8614 
3 8751 332 1202 
3 1510 1787 2095 
3 3379 4884 6415 
3 7330 9325 9585 
3 1344 1701 2162 
3 3496 4134 4293 
3 4357 4477 7489 
3 7911 8947 9546 
3 9629 9806 60 
3 3062 3214 3308 
3 5239 5593 188 
3 1001 1820 2957 
3 4557 4867 5544 
3 6666 8163 8200 
3 8501 8923 9363 
3 9968 750 877 
3 1717 5149 5330 
3 6914 8529 8835 
3 9511 9930 9974 
3 1740 1975 4222 
3 5236 5244 5518 
3 5733 6956 7934 
3 8003 8779 1505 
3 4711 5332 5991 
3 6297 6342 7057 
3 7391 321 1351 
3 1564 1800 2776 
3 4727 4977 7613 
3 8651 8658 9545 
3 296 924 1364 
3 1883 2575 3730 
3 7677 9166 3750 
3 4331 4696 6188 
3 7415 7439 8040 
3 8431 1249 1965 
3 2245 3120 4572 
3 5529 5758 5970 
3 7153 7344 9962 
3 791 1522 1747 
3 7210 7647 8915 
3 8990 9419 9426 
3 2509 3579 4161 
3 4415 4717 5028 
3 5131 5808 7699 
3 8168 8449 9550 
3 1743 3473 5488 
3 5683 5835 6738 
3 7972 8056 8579 
3 96 767 1061 
3 1714 2043 2265 
3 2573 3655 5074 
3 5728 6042 6616 
3 7824 8418 9271 
3 9341 9397 55 
3 301 902 7876 
4 1673 3087 6273 6419 
4 6627 7250 8866 9569 
4 264 631 1200 1523 
4 2952 3830 3845 5720 
4 6144 8470 8548 8607 
4 197 385 773 797 
4 1178 1636 1889 3223 
4 3834 4870 6742 7524 
4 8625 9566 9626 9853 
4 1508 2089 2809 3167 
4 3306 5155 5553 6226 
4 6309 6410 8487 8702 
4 9572 9797 407 2055 
4 3137 3978 4367 4960 
4 6336 6377 8132 8659 
4 9048 1476 1810 3905 
4 4600 5375 5864 6192 
4 7155 7436 7567 7748 
4 8183 9250 730 1948 
4 2612 3557 3673 4649 
4 5610 278 1228 1998 
4 2486 3271 3791 3870 
4 4079 4524 6384 8671 
4 9718 875 4043 4200 
4 4861 6058 6769 9689 
4 9952 283 2353 3001 
4 5308 6028 6198 6747 
4 8707 8940 9265 9746 
4 9843 3 1429 1912 
4 3857 3944 5476 7253 
4 9871 85 1483 2912 
4 5170 6010 6662 7302 
4 8172 9078 432 1140 
4 2000 3367 3997 7412 
4 7443 8204 8297 8677 
4 9507 263 836 884 
4 915 1040 1587 1853 
4 3278 4179 4527 4532 
4 4706 6578 7118 7880 
4 8453 9755 1720 2927 
4 3028 4469 4607 5203 
4 5207 6012 6146 6483 
4 6981 7095 7103 8442 
4 8683 513 995 3022 
4 3728 3885 5803 5849 
4 6110 6320 7696 7978 
4 8670 9695 464 634 
4 1224 1378 1821 2585 
4 3508 6757 7319 7617 
4 7618 8964 1037 1253 
4 2877 3518 4474 4565 
4 4617 4883 6370 7296 
4 7603 8722 8929 1073 
4 1681 1708 3037 3561 
4 3736 3877 4307 5174 
4 5197 6444 6498 7861 
4 8750 8932 9908 1117 
4 1526 1542 1684 1923 
4 2939 3248 3362 3375 
4 4786 4871 5785 7759 
4 8692 8895 9359 9464 
4 137 559 1116 1152 
4 1154 1484 2627 2937 
4 4038 4439 5902 7536 
4 8524 9599 520 1571 
4 2488 3892 4361 7870 
4 8328 3511 4292 4521 
4 5278 5462 6296 6367 
4 8874 8956 9880 2592 
4 2798 3853 4975 5823 
4 7678 7823 8466 8637 
4 9197 916 1261 1833 
4 3055 3107 3544 5341 
4 5547 5839 6231 6656 
4 7041 7178 9769 9849 
4 17 56 172 174 
4 970 1361 1712 2566 
4 2600 4668 4946 5705 
4 5941 6220 6577 6605 
4 6965 7463 8527 9425 
4 9907 9961 1726 2185 
4 5378 5441 5998 6938 
4 7255 9984 529 760 
4 846 2368 5503 5548 
4 6389 7130 7215 7238 
4 10 145 3050 3769 
4 4604 5250 6715 7363 
4 8516 9014 9350 297 
4 451 688 738 844 
4 1234 1430 1570 1765 
4 2106 3516 3746 3969 
4 4663 4731 5151 5446 
4 5563 6856 7740 8363 
4 8931 9092 208 525 
4 923 1122 1601 2716 
4 3134 5271 5649 6583 
4 6752 8714 9168 556 
4 912 1197 1487 1827 
4 2165 2766 5118 5325 
4 5579 6205 6266 6364 
4 6526 6540 7218 7624 
4 7778 9597 9741 9895 
4 139 164 926 1963 
4 2407 3104 3540 4093 
4 6133 7149 8239 9121 
4 9161 117 2007 2221 
4 2295 2649 3258 4491 
4 4990 6396 7518 7558 
4 8081 8673 8833 9182 
4 9214 9450 1589 1648 
4 2484 4230 5007 5013 
4 5017 5948 8059 8161 
4 211 2804 3674 4627 
4 5574 5627 5899 6052 
4 6451 7499 7839 8044 
4 8650 8824 9246 9390 
4 9594 480 628 2309 
4 2879 3691 4126 5056 
4 5875 6149 7152 7346 
4 7692 8198 8293 87 
4 642 1010 2127 2555 
4 2848 6680 7204 7983 
4 8617 9135 1015 1825 
4 2590 2836 3029 3276 
4 3932 6102 6623 6721 
4 7318 8247 9490 9719 
4 656 2125 2811 3608 
4 3828 5879 6157 6215 
4 6645 7151 7278 7752 
4 8305 8609 8653 9588 
4 178 289 597 900 
4 1735 1847 1866 1876 
4 2872 3973 4555 6036 
4 6731 7954 8606 9414 
4 9471 9580 9776 28 
4 206 1620 1943 2516 
4 3239 3480 3677 3692 
4 4650 4859 5487 5513 
4 6193 6256 9286 931 
4 1159 1464 1856 2538 
4 4671 5824 7375 8652 
4 9852 590 1056 1311 
4 1393 2226 4170 5815 
4 6350 6685 6703 8134 
4 8578 9382 9499 1632 
4 1819 2697 3527 3808 
4 3891 725 802 1453 
2 4522 4573 
2 6531 9276 
2 834 1129 
2 1205 2999 
2 3092 3132 
2 4496 4792 
2 5058 5061 
2 5559 5981 
2 6111 6152 
2 7764 7888 
2 8258 8434 
2 124 151 
2 307 1260 
2 1877 1994 
2 2732 4054 
2 6206 6443 
2 6741 6984 
2 8468 8537 
2 53 1718 
2 1874 3895 
2 4933 5094 
2 6053 7105 
2 7475 7875 
2 8342 8684 
2 9238 9407 
2 9637 142 
2 236 290 
2 589 1562 
2 1642 1888 
2 2190 2705 
2 3573 4725 
2 4997 6228 
2 7542 7734 
2 8967 9241 
2 9799 2091 
2 2428 3980 
2 4055 4611 
2 4814 4857 
2 6306 7413 
2 7512 7777 
2 9165 9675 
2 9748 1704 
2 1884 4442 
2 4661 4865 
2 5371 5418 
2 7610 7884 
2 9326 9714 
2 9730 253 
2 2490 3297 
2 4091 4592 
2 4636 4692 
2 4774 5710 
2 6628 6651 
2 6676 6932 
2 7219 7361 
2 7993 8032 
2 8035 8907 
2 9530 9602 
2 9761 9864 
2 540 1445 
2 2020 2241 
2 2765 4703 
2 4875 4989 
2 5644 6155 
2 6849 7286 
2 7406 7659 
2 9376 362 
2 648 735 
2 1282 1837 
2 2854 3558 
2 3912 3924 
2 4066 4363 
2 4381 4716 
2 5044 5235 
2 5517 5794 
2 6557 1440 
2 2254 2565 
2 2887 3654 
2 3802 3839 
2 3945 4187 
2 4506 4926 
2 5035 6326 
2 6827 7090 
2 7526 7662 
2 7841 8123 
2 8176 9523 
2 9896 9976 
2 898 1023 
2 1595 2400 
2 2461 3531 
2 3553 4656 
2 4771 4904 
2 5020 5671 
2 6365 6733 
2 7003 7074 
2 7594 8423 
2 9016 534 
2 1598 2806 
2 3498 3567 
2 4064 4089 
2 4410 5916 
2 6366 6380 
2 6794 6976 
2 7382 7733 
2 8241 9650 
2 9922 358 
2 1339 1406 
2 1467 2006 
2 2081 2457 
2 3422 4559 
2 4773 5389 
2 5474 5530 
2 6289 6673 
2 7037 8333 
2 1332 1533 
2 1723 2320 
2 4412 5205 
2 5355 6436 
2 7356 7374 
2 7432 7683 
2 8597 9220 
2 9368 9453 
2 147 210 
2 404 960 
2 1471 2375 
2 2783 3760 
2 3906 4879 
2 5336 5898 
2 6076 6800 
2 6988 7914 
2 8432 8861 
2 9456 9848 
2 9988 33 
2 489 622 
2 689 1422 
2 1584 2907 
2 4495 6361 
2 6857 8019 
2 146 909 
2 1609 3323 
2 3718 4375 
2 4478 4720 
2 5178 5457 
2 5489 6490 
2 6514 6778 
2 7821 8376 
2 8715 8889 
2 8938 9468 
2 9879 2381 
2 2389 2462 
2 3145 3704 
2 4011 4639 
2 4766 5086 
2 5551 5633 
2 6528 7419 
2 7426 7534 
2 7768 7785 
2 7818 7943 
2 8153 8648 
2 9043 737 
2 1021 2398 
2 2401 2874 
2 3244 3582 
2 3617 4452 
2 5856 5869 
2 6784 7230 
2 7249 7310 
2 7530 8043 
2 8150 8894 
2 8898 9192 
2 9361 9561 
2 9684 9726 
2 396 1529 
2 2260 3595 
2 3882 3914 
2 6016 6340 
2 7175 7592 
2 8823 8845 
2 9072 9703 
2 150 1512 
2 1922 1930 
2 2129 3153 
2 3299 3352 
2 3559 3983 
2 4026 4057 
2 4953 5467 
2 5776 5901 
2 6208 6585 
2 6870 7917 
2 8299 8954 
2 9631 39 
2 198 635 
2 835 1952 
2 3371 3966 
2 5085 5255 
2 5380 5461 
2 5865 5920 
2 6202 7013 
2 7990 8325 
2 8425 8679 
2 9122 9143 
2 9222 9971 
2 1090 1886 
2 2191 3749 
2 3985 4202 
2 4467 4823 
2 4907 5522 
2 5832 6466 
2 6834 7116 
2 7454 7770 
2 8712 8746 
2 9429 32 
2 359 512 
2 804 947 
2 3075 3188 
2 3339 5531 
2 5556 5724 
2 6649 7010 
2 7596 7956 
2 7966 8238 
2 8682 9062 
2 9221 9549 
2 9667 9802 
2 711 1507 
2 1822 2134 
2 3129 3136 
2 3564 4124 
2 4704 5615 
2 6724 7480 
2 7689 9091 
2 9183 9606 
2 9734 9828 
2 45 149 
2 678 1347 
2 1761 2277 
2 2924 3011 
2 3428 3811 
2 4016 4640 
2 4887 5896 
2 5908 6184 
2 6421 6700 
2 7220 7221 
2 7809 8519 
2 9868 170 
2 300 1100 
2 1256 2148 
2 2167 2343 
2 2707 3322 
2 4208 5756 
2 6243 6574 
2 6705 6873 
2 7186 7731 
3 7970 8276 9173 
3 0 313 849 
3 1382 2024 3641 
3 3694 3991 4465 
3 4514 5047 5451 
3 5566 5584 6160 
3 6264 6446 6811 
3 7964 8196 8263 
3 8632 9096 471 
3 611 2198 2278 
3 2467 3020 3121 
3 3724 5164 5939 
3 6203 6248 6637 
3 8264 8562 9459 
3 9573 1047 1908 
3 2495 2672 4335 
3 4708 4949 5166 
3 5277 5954 6553 
3 6659 6681 6903 
3 7984 8027 8517 
3 8752 8908 9752 
3 9978 1044 1157 
3 1174 1199 2983 
3 4659 5657 6015 
3 6522 6596 6726 
3 6942 7386 7424 
3 7975 8133 9299 
3 9583 9891 9987 
3 9996 1179 1181 
3 1569 2367 2875 
3 3681 3818 4215 
3 4340 4992 5040 
3 5240 5860 5947 
3 6648 7425 8711 
3 8801 9068 9210 
3 9328 433 541 
3 708 1106 1411 
3 1593 2337 3127 
3 3203 3226 3412 
3 4511 5362 5449 
3 5721 6017 6112 
3 7384 7727 9038 
3 9633 562 2062 
3 3517 4790 5173 
3 5763 5836 6022 
3 6719 7509 7521 
3 8143 8222 9836 
3 514 825 1381 
3 1616 1668 1840 
3 2506 2702 3031 
3 3563 3894 4286 
3 4419 4456 5536 
3 5813 6246 6478 
3 7500 8160 8210 
3 9721 204 355 
3 2025 2296 2601 
3 4052 4206 5157 
3 5496 6351 7555 
3 8202 8413 8667 
3 8696 8828 8863 
3 8864 9486 608 
3 889 968 1400 
3 1751 1768 2120 
3 3105 4359 4958 
3 5730 6492 6713 
3 7877 8139 8336 
3 8810 70 465 
3 1012 1409 1535 
3 2159 2329 2437 
3 2954 3330 3596 
3 4092 4188 4742 
3 5198 5872 6051 
3 6275 6280 6864 
3 7751 8006 8031 
3 8876 8977 9920 
3 9935 9995 234 
3 240 530 919 
3 955 1321 1843 
3 2033 2578 3004 
3 3235 3657 3809 
3 3972 4228 4801 
3 4858 4943 5368 
3 6263 6960 7633 
3 8919 9198 9269 
3 9418 131 270 
3 430 431 456 
3 1062 1640 2746 
3 3311 3926 4000 
3 5082 5606 5751 
3 6576 7397 7614 
3 7729 7924 8089 
3 8215 8454 9028 
3 9187 9519 9600 
3 9716 9768 97 
3 372 500 620 
3 978 1330 1750 
3 1939 2193 2604 
3 2661 2762 2786 
3 2949 3939 4046 
3 5208 6008 6097 
3 6698 6964 7995 
3 8137 9201 9332 
3 9446 9699 9767 
3 136 439 673 
3 1036 1259 1744 
3 1980 2072 2632 
3 2977 3956 4301 
3 4534 4796 5191 
3 5986 6003 6161 
3 6761 6890 7170 
3 7663 8401 8447 
3 9086 9431 9538 
3 9584 9656 885 
3 1475 1519 1796 
3 2102 2514 2694 
3 2713 2772 3212 
3 3590 4221 4798 
3 4942 5245 5482 
3 6565 6824 6835 
3 6844 7407 7457 
3 7991 8180 8822 
3 9398 9944 24 
3 183 956 1318 
3 1649 1961 2074 
3 2399 2595 3280 
3 3370 4104 6137 
3 6352 8252 8326 
3 8383 8435 8568 
3 9413 37 86 
3 1279 1694 2207 
3 3060 3344 3793 
3 4238 4387 4502 
3 4635 4777 5666 
3 5732 5752 6121 
3 6197 6450 6463 
3 6809 6887 7674 
3 7800 7881 7895 
3 8037 8859 9075 
3 9083 9855 457 
3 1546 1983 2297 
3 2881 2891 2953 
3 3822 4783 4839 
3 5994 6302 7461 
3 7471 7554 7586 
3 9036 458 487 
3 602 756 1538 
3 1755 3364 3543 
3 4248 4358 4400 
3 4595 5168 5897 
3 6959 6963 6972 
3 7320 7357 7362 
3 7410 7724 7812 
3 8314 8815 8900 
3 9009 335 2144 
3 2149 2210 2596 
3 2608 2903 3052 
3 3141 3951 4116 
3 4399 4434 4596 
3 5024 6311 6471 
3 6915 7094 7206 
3 7387 8093 8353 
3 8766 8930 9035 
3 9047 9094 9137 
3 221 392 462 
3 801 1371 1536 
3 2028 2610 2741 
3 2785 2956 3021 
3 3347 3875 4339 
3 4504 6332 6353 
3 6506 8486 9114 
3 9215 9564 9578 
3 9838 40 1161 
3 1678 1688 2837 
3 2859 2892 3651 
3 3789 4069 4994 
3 5066 5628 6127 
3 6448 6818 6925 
3 7078 7602 7850 
3 7889 9659 31 
3 168 8806 9771 
4 2059 2412 2469 3887 
4 4736 4877 4982 5181 
4 5233 6148 6175 6232 
4 8663 9709 9820 502 
4 739 840 842 1009 
4 1426 1778 2307 2683 
4 2685 4097 4291 4688 
4 5106 5125 6229 6328 
4 6944 7557 7632 7694 
4 7859 7959 8028 8438 
4 8543 8737 9394 9651 
4 9993 78 152 325 
4 343 393 402 511 
4 615 639 644 1220 
4 1959 2101 2169 3012 
4 3318 3841 4488 4549 
4 5128 5817 6699 6725 
4 7960 8022 8426 8576 
4 9015 9223 9540 9595 
4 9678 229 613 1043 
4 1869 2950 4567 4689 
4 4787 5558 5631 5719 
4 5959 6473 7395 7742 
4 8804 9489 34 68 
4 793 848 2388 4031 
4 4099 5190 5422 5676 
4 5882 6034 7423 7803 
4 7971 8256 8643 8950 
4 9227 726 953 1080 
4 1165 1377 1807 1979 
4 2242 2472 3123 3555 
4 3679 3743 3903 4826 
4 4855 4880 6315 6746 
4 6952 7314 7532 7631 
4 7697 7994 8097 8903 
4 9957 13 20 252 
4 305 413 467 579 
4 640 1167 1270 1892 
4 3515 3698 4723 4969 
4 5443 5731 5850 5881 
4 6005 6225 6452 7132 
4 7430 7581 9887 9892 
4 76 153 477 860 
4 1502 1590 2002 2137 
4 2164 2215 2304 2669 
4 3396 3509 4047 4298 
4 4811 5212 5951 6357 
4 6922 7176 7666 8398 
4 8571 8629 9274 9475 
4 57 346 740 2929 
4 3621 3665 4078 4173 
4 4267 4451 4750 5863 
4 5950 6046 6095 6189 
4 6291 6479 6563 6674 
4 7496 7826 9280 193 
4 293 395 414 649 
4 1369 1549 1586 1953 
4 2019 2232 2358 2432 
4 2527 2629 2898 3233 
4 3246 3581 4155 4245 
4 4246 4279 4554 4679 
4 4922 5146 5161 5829 
4 7036 7713 7906 7951 
4 8212 9337 9524 83 
4 937 949 1276 1416 
4 2799 3146 3449 3761 
4 3902 4249 4662 5026 
4 5346 6104 6210 6544 
4 6740 7024 7252 7565 
4 7804 8206 8456 8821 
4 8986 9065 9830 554 
4 568 868 1084 1194 
4 1286 1504 1650 2531 
4 2533 2634 2751 2824 
4 3161 3261 3482 3504 
4 3838 4030 4311 4314 
4 4747 5895 6244 7194 
4 9157 9234 9313 9526 
4 16 23 444 1516 
4 1793 2529 2668 3263 
4 3431 3748 3773 3806 
4 4537 4653 4856 5200 
4 5387 5714 6270 6630 
4 7197 7236 7653 7743 
4 7813 8229 8498 8675 
4 9105 9294 9543 982 
4 1031 1032 1118 1250 
4 1514 1527 1532 2047 
4 2303 3174 3332 3911 
4 3930 4176 4328 4398 
4 4501 4767 5401 5672 
4 6258 6294 6664 7018 
4 7490 7963 8277 8440 
4 8965 9333 9458 9488 
4 9496 9635 9692 9810 
4 675 1201 1296 1452 
4 1891 1986 2442 3316 
4 4001 4578 4623 4841 
4 4892 4914 5237 6245 
4 6612 6828 6920 7150 
4 7559 8201 8355 8642 
4 8952 9551 9680 9958 
4 499 1027 1606 1618 
4 2143 2264 2422 2671 
4 2712 3125 3513 3824 
4 3880 4713 4935 5059 
4 5175 5199 5373 5834 
4 5980 6430 6494 6510 
4 6569 6693 6744 6822 
4 6852 6962 8179 8289 
4 8654 8727 8729 9085 
4 9251 9260 9711 225 
4 365 459 858 3099 
4 3407 3747 4144 4164 
4 4447 4605 4775 4898 
4 5043 5641 5769 6093 
4 7622 7761 8067 8177 
4 8918 9002 9022 9149 
4 9858 30 115 2328 
4 3147 3570 4095 4407 
4 5097 5400 6604 7237 
4 7418 7828 7957 8235 
4 8593 8808 8897 8981 
4 9272 9655 123 185 
4 1058 1806 1898 1951 
4 2335 2402 3274 3547 
4 4562 6118 6130 6600 
4 6846 7600 7849 8382 
4 8567 9181 9611 9624 
4 9985 94 576 1110 
4 1132 1669 1865 1978 
4 2235 2570 2946 3355 
4 4156 4482 4558 5098 
4 5471 5831 6002 6126 
4 6323 6398 6590 6727 
4 6766 6851 7048 7190 
4 7721 8108 8472 8756 
4 8978 9073 1639 2046 
4 2205 2220 2240 2466 
4 4197 4325 4546 4694 
4 4840 5077 5442 6078 
4 6090 6472 6669 6899 
4 6993 7085 7127 7247 
4 7273 7315 7616 7665 
4 7868 7899 8340 8388 
4 8393 8753 4789 5060 
3 9927 473 896 
3 1288 1754 1835 
3 2333 2582 2591 
3 3078 3587 3615 
3 3883 4489 4804 
3 5019 5041 5505 
3 5812 5944 6223 
3 6304 6524 6711 
3 7329 7634 7693 
3 7805 8129 8372 
3 8572 8734 9338 
3 9613 9745 9859 
3 160 516 899 
3 1266 1271 1774 
3 1848 2105 2216 
3 2294 2911 3506 
3 4564 5323 6774 
3 7460 8640 22 
3 101 143 419 
3 1137 1192 1212 
3 1313 1849 2234 
3 2549 2730 3265 
3 3324 3664 3878 
3 3884 4172 5140 
3 5189 5460 5613 
3 5621 5702 5800 
3 6356 6560 6671 
3 6697 6739 6990 
3 7275 7815 8573 
3 9003 9013 9603 
3 9877 9948 1086 
3 1653 2136 2199 
3 2237 2754 3038 
3 3281 3439 3933 
3 4308 4312 4746 
3 5276 6803 7121 
3 7123 7491 8021 
3 8994 8996 9134 
3 417 558 753 
3 906 1699 2390 
3 2453 2781 2793 
3 3097 3402 3578 
3 3849 4217 4255 
3 5134 5171 5268 
3 5397 6063 6064 
3 6581 7686 7931 
3 8773 9029 9261 
3 9679 9744 381 
3 550 796 1127 
3 1170 1461 1480 
3 1488 1656 2016 
3 2268 2289 2417 
3 2852 3782 3873 
3 4136 4196 4394 
3 4599 4818 4918 
3 5234 5426 5523 
3 5598 5903 6023 
3 6035 6414 6595 
3 6636 6831 7510 
3 8084 8411 8716 
3 9008 9194 9230 
3 9844 159 219 
3 472 828 1093 
3 1172 1624 1783 
3 2406 2444 2621 
3 2775 2951 3131 
3 3381 3491 3817 
3 3888 4613 4630 
3 4678 5246 5253 
3 6096 6132 6261 
3 6520 7117 7233 
3 7400 7786 8049 
3 8166 8316 8464 
3 8759 8789 8793 
3 9759 9901 133 
3 217 279 845 
3 893 1404 1627 
3 1665 1814 1867 
3 1985 2068 2334 
3 2731 3262 3300 
3 3334 3442 3783 
3 3965 4094 4910 
3 5736 5770 6227 
3 6373 6432 6517 
3 6529 6953 7309 
3 7684 7788 7903 
3 8539 8618 8633 
3 8987 218 610 
3 1208 1221 1781 
3 1801 1836 2065 
3 2281 2554 2711 
3 2750 2987 3312 
3 3401 3584 3721 
3 3744 4088 4193 
3 4479 4487 4932 
3 5313 5391 5398 
3 5577 5586 5917 
3 5966 5972 6180 
3 7501 7925 7969 
3 8165 9502 9534 
3 9535 9575 401 
3 651 669 990 
3 1184 1646 1899 
3 1904 2722 3445 
3 3539 3862 3927 
3 4894 5064 5104 
3 5132 5370 6417 
3 6586 6812 7110 
3 7371 7388 7675 
3 7898 7980 8665 
3 9200 9660 89 
3 545 934 1292 
3 1638 1716 2184 
3 2326 2376 2464 
3 2947 3076 3085 
3 3124 3216 3411 
3 3929 3947 4428 
3 4529 4538 4544 
3 4981 5481 5594 
3 5599 7065 7289 
3 7502 7672 7695 
3 8638 8694 9754 
3 9770 9846 9882 
3 9941 144 163 
3 249 292 757 
3 771 827 977 
3 1130 1299 1683 
3 1928 1935 2087 
3 2173 2560 3017 
3 3424 3521 3807 
3 4628 4669 5345 
3 5511 6259 6405 
3 6770 7043 7664 
3 7902 7907 8015 
3 8268 8525 8584 
3 8842 8934 9156 
3 9209 9356 207 
3 304 894 930 
3 1120 1138 1469 
3 1870 2022 2050 
3 2057 2463 2480 
3 2567 2835 2990 
3 3115 3580 4163 
3 4833 5122 6068 
3 6307 6409 6497 
3 6805 6958 6973 
3 7096 7177 7608 
3 7744 8732 9089 
3 9140 9670 157 
3 199 241 288 
3 316 618 691 
3 1209 1331 2011 
3 3313 3610 3941 
3 4149 4553 4646 
3 4842 4882 5429 
3 5804 6331 7014 
3 7134 7223 7274 
3 7553 7962 8273 
3 8709 8776 8853 
3 9785 9860 287 
3 356 643 728 
3 865 2179 2227 
3 2564 3178 3186 
3 3353 3541 3893 
3 4337 4392 4948 
3 5192 5514 5725 
3 6301 6425 6541 
3 6897 7163 7216 
3 7544 7640 7642 
3 7878 8068 8298 
3 8409 8502 8886 
3 9152 9179 9225 
3 9491 108 616 
3 819 862 1227 
3 1277 1574 1652 
3 1841 1958 1971 
3 2288 2418 2805 
3 3006 3753 4226 
3 4355 4468 4714 
4 5182 5206 5254 5329 
4 5550 5578 5663 5718 
4 6213 6387 6513 6904 
4 7019 7229 7298 7546 
4 7795 8534 8645 8870 
4 9100 9367 9406 9647 
4 9710 9863 186 425 
4 733 784 867 1495 
4 1809 2163 2239 2563 
4 2841 3425 3438 3536 
4 3798 4143 4508 4598 
4 4634 5424 5534 5612 
4 5658 5741 5825 5848 
4 5952 6087 6629 6796 
4 6814 7087 7948 8141 
4 8310 8740 8941 9172 
4 9232 9329 9553 9617 
4 9870 9885 226 347 
4 348 378 769 800 
4 1376 1479 1563 1615 
4 1661 1700 2201 2318 
4 2344 2435 2577 2689 
4 3208 3209 3712 3812 
4 4693 4791 5510 5573 
4 5611 5771 5958 6484 
4 6620 7091 7349 7556 
4 8564 9158 9423 9570 
4 9582 9590 128 189 
4 383 719 789 1099 
4 1403 1685 2152 3917 
4 4290 4403 4518 4726 
4 4906 4986 6125 6253 
4 6748 7333 7365 7434 
4 7441 7799 8103 8309 
4 8321 8771 9314 9346 
4 9555 9862 9876 349 
4 415 441 633 958 
4 1131 1196 1235 1494 
4 1788 1909 1949 2012 
4 2451 2470 2586 3213 
4 4211 4709 4939 5183 
4 5294 5316 5409 6692 
4 6701 6917 7060 7140 
4 7459 7541 7580 7758 
4 7835 7946 8064 8086 
4 8347 8493 9205 9819 
4 9954 203 291 361 
4 703 831 863 1119 
4 1180 1188 1230 1284 
4 1679 1799 1868 1993 
4 2356 2382 2550 2878 
4 3327 3784 3859 3860 
4 3949 4996 5148 5343 
4 5379 6279 6456 6457 
4 8080 8282 8379 8686 
4 8960 9323 9737 4 
4 280 388 405 509 
4 693 782 935 1105 
4 1323 1335 1611 1732 
4 1818 2035 2384 2483 
4 2498 3247 3821 4621 
4 5410 5694 5779 6843 
4 7479 7507 7669 7807 
4 7965 8406 8412 8726 
4 8875 9372 9999 200 
4 227 258 268 922 
4 1046 1074 1111 1133 
4 1135 2324 2378 2579 
4 2789 3394 3787 4254 
4 4330 4344 4632 4633 
4 4664 4675 4734 4950 
4 5051 5699 5833 6085 
4 6233 6407 7251 7307 
4 7753 8410 8784 8955 
4 8970 8985 9102 9663 
4 9807 318 376 662 
4 811 983 1029 1553 
4 1987 2086 2311 2373 
4 2386 2405 2541 2942 
4 3292 3386 3389 3639 
4 3922 4107 4461 4979 
4 5356 5844 5977 6500 
4 6635 6983 7667 7791 
4 8461 8523 8791 9604 
4 9636 9701 9724 9742 
4 173 342 491 741 
4 794 2030 2410 2508 
4 2676 2715 3199 3385 
4 3827 4371 4425 5005 
4 5177 5327 6158 6371 
4 6434 7092 7322 7399 
4 8164 8374 8491 8602 
4 8731 9148 9162 9186 
4 9533 9557 9632 9644 
4 9717 409 621 872 
4 1534 1918 1992 2825 
4 2883 3008 3756 3819 
4 3866 4220 4273 4369 
4 4810 5187 5266 5413 
4 5885 6242 6254 6420 
4 6647 7340 7627 7706 
4 7820 7992 8136 8725 
4 8872 9342 9773 69 
4 148 195 821 917 
4 984 1045 1063 1206 
4 1329 1415 1439 1554 
4 1705 1897 1969 2747 
4 2934 3225 3267 3794 
4 3799 3935 4323 4435 
4 4651 4978 5073 5210 
4 5399 5643 5957 6678 
4 7069 7228 7636 7712 
4 7832 8857 9282 9609 
4 9977 312 435 437 
4 483 508 605 652 
4 901 1610 1731 2166 
4 2172 2427 2503 2803 
4 2873 2884 3058 3144 
4 3227 3466 3474 3620 
4 4032 4103 4214 4237 
4 4260 4356 4535 4807 
4 5045 5167 5265 5361 
4 5470 5840 5853 5883 
4 5979 6174 6234 6480 
4 6499 7033 7093 7165 
4 7243 7264 7276 7393 
4 7408 7547 7736 7938 
4 8613 8728 8758 8879 
4 9159 9327 9362 9963 
4 179 194 987 1305 
4 1654 2330 2425 2500 
4 2996 3636 4224 4372 
4 4758 4822 4860 5340 
4 5350 5508 5745 6077 
4 6654 6675 6841 6901 
4 7097 7172 7416 7588 
4 7793 7915 8142 8395 
4 8507 8535 8570 8770 
4 8778 8780 9011 9070 
4 9775 9787 9822 111 
4 118 184 192 209 
4 303 596 1142 2170 
4 2206 2556 2769 3082 
4 3476 3530 3879 3984 
4 4577 4732 4890 4891 
4 4972 6187 6853 7059 
4 7427 7639 7789 8117 
4 8144 8311 8786 8877 
4 9380 9415 9749 478 
4 482 729 1614 1728 
4 1831 2520 3044 3189 
4 3777 4175 4285 4376 
4 5067 5107 5279 5557 
4 6128 6141 7086 7098 
4 7561 7578 7856 7883 
4 7942 8038 8114 8224 
4 8361 8405 8417 8961 
4 8975 9218 9264 9421 
4 9571 9931 121 230 
4 274 908 1485 1517 
4 1695 1972 2485 2512 
4 2771 2808 2812 2974 
4 3493 3716 3717 3727 
4 4523 4724 4952 5696 
4 5747 5906 5983 5993 
4 6156 6308 6411 6614 
4 6902 7075 7590 7741 
4 8061 8135 8244 8272 
4 9436 9556 156 781 
4 1350 1496 1625 2039 
4 2098 3685 4232 4470 
4 4699 4899 5483 5504 
4 6177 6559 6682 6720 
4 6833 6937 7045 7077 
4 7187 7483 7606 7847 
4 8002 8009 8075 8462 
4 8530 9031 9793 61 
4 256 311 424 507 
4 574 833 1177 1226 
4 1283 1749 1937 2110 
4 2271 2272 2532 2602 
4 2827 3635 4063 4098 
4 4333 4845 5213 5304 
4 5533 5617 5727 5870 
4 6265 6428 6429 6545 
4 6607 7017 7730 7864 
4 8011 8045 8110 8220 
4 8500 8542 8561 8698 
4 8797 8880 9126 9736 
4 81 428 682 795 
4 866 1006 1171 1326 
4 1501 1513 1634 1696 
4 1753 1804 1917 1984 
4 2231 2298 2447 2657 
4 3023 3053 3059 3108 
4 3307 3690 4297 4427 
4 4440 4588 4876 4913 
4 4966 4980 5023 5158 
4 5260 5262 5377 5382 
4 5783 5938 6026 6971 
4 7068 7248 7337 7404 
4 7533 7550 8159 8494 
4 8556 8635 8868 9301 
4 9357 9457 9498 9686 
4 406 538 803 903 
4 959 1166 1622 1703 
4 1789 2252 3268 3469 
4 3993 4262 4305 5008 
4 5480 5754 5907 6075 
4 6293 6539 6551 6998 
4 7022 7030 7138 7139 
4 7292 7367 7682 7711 
4 7830 7833 7929 8190 
4 8441 8473 8850 8924 
4 9007 9296 9521 9910 
4 9932 182 1275 1307 
4 1762 1932 2310 2357 
4 2393 2583 2673 2900 
4 3205 3266 3361 3534 
4 3846 4591 4770 5472 
4 5585 5632 5910 6021 
4 6098 6237 6257 6412 
4 6617 7067 7453 7514 
4 7584 8555 8592 8968 
4 9823 603 658 668 
4 1149 1191 1824 2138 
4 2645 3154 3286 3416 
4 3705 3854 3963 4019 
4 4048 4060 4283 4453 
4 4793 4830 4843 4851 
4 4893 4923 5010 5281 
4 5693 5900 5926 6393 
4 6519 6533 6799 6848 
4 6859 7102 7129 7281 
4 7523 7688 9042 9044 
4 9548 9577 9698 25 
4 224 275 341 452 
4 698 921 1190 1612 
4 1770 1878 2026 2385 
4 2546 2664 2899 2928 
4 2961 3169 3382 3591 
4 3611 3803 3810 3994 
4 4236 4571 4911 5100 
4 5430 5640 6040 6222 
4 6454 6643 6961 7000 
4 7071 7574 7658 7985 
4 8001 8085 8541 9189 
4 9297 9311 9411 9861 
4 9914 27 54 238 
4 319 468 526 582 
4 659 746 886 972 
4 1302 1775 2153 2280 
4 2656 2662 2709 3454 
4 3523 3619 3696 3719 
4 3990 4009 4691 5538 
4 5809 5828 5838 6031 
4 6119 6185 6195 6290 
4 6334 6509 6592 6862 
4 6923 7782 7852 7890 
4 8000 8231 8334 8554 
4 9059 9101 9146 9204 
4 9229 9270 9554 9972 
4 180 412 999 1134 
4 1316 1667 1777 1873 
4 2038 2525 2980 3156 
4 3413 3754 4209 4525 
4 4821 5386 5549 5635 
4 6199 6283 6391 6491 
4 6516 6772 6850 7011 
4 7261 7488 7504 8034 
4 8109 8118 9024 9720 
4 9825 9933 379 422 
4 573 1087 1237 1308 
4 1725 1880 2010 2154 
4 2758 3383 3645 3843 
4 4034 4132 4174 4252 
4 4520 4556 4581 4705 
4 4987 5014 5227 5257 
4 5697 5778 5859 5949 
4 6163 6792 7222 8098 
4 8318 8344 8508 8546 
4 8757 9150 9336 9400 
4 154 360 533 583 
4 911 986 1290 1374 
4 1401 1664 1915 1964 
4 2431 2706 2733 2858 
4 3201 3340 3546 3628 
4 3643 3788 4062 4438 
4 4976 5029 5049 5108 
4 5153 5342 5406 5466 
4 5527 5539 5619 5820 
4 6631 7005 7042 7183 
